
20/03/2018 20:13:18 PagSeguro.Session[info]: Begin
20/03/2018 20:13:19 PagSeguro.Session[info]: POST: https://ws.sandbox.pagseguro.uol.com.br/v2/sessions?email=kevincosta13679%40outlook.com&token=C34FCB36824D4C38A750142FD5C211B6
20/03/2018 20:13:20 PagSeguro.Session[info]: Session ID: a269e0d83c614a91a8b6691e4b71881d
20/03/2018 20:15:11 PagSeguro.DirectPayment.CreditCard[info]: Begin
20/03/2018 20:15:11 PagSeguro.DirectPayment.CreditCard[info]: POST: https://ws.sandbox.pagseguro.uol.com.br/v2/transactions/?email=kevincosta13679%40outlook.com&token=C34FCB36824D4C38A750142FD5C211B6
20/03/2018 20:15:11 PagSeguro.Checkout[info]: Params: {"reference":20010,"notificationURL":"http:\/\/localhost\/teste_restaurante\/index.php\/checkout","billingAddressStreet":"R. Eucal\u00edpto","billingAddressNumber":"30","billingAddressComplement":"","billingAddressCity":"Cotia","billingAddressState":"S\u00e3o Paulo","billingAddressDistrict":"Parque Santa Rita de Cassia","billingAddressPostalCode":"06700-670","billingAddressCountry":"BRA","currency":"BRL","creditCardHolderName":"visa","creditCardHolderBirthDate":"01\/01\/1990","creditCardHolderAreaCode":"1147035621","creditCardHolderCPF":"12946213196","installmentQuantity":1,"installmentValue":"42.00","itemId1":"11","itemDescription1":"cafe","itemQuantity1":1,"itemAmount1":"2.00","itemId2":"12","itemDescription2":"P\u00e3o na chapa","itemQuantity2":10,"itemAmount2":"4.00","paymentMethod":"creditCard","paymentMode":"DEFAULT","receiverEmail":"kevincosta13679@outlook.com","senderName":0,"senderEmail":"kevincosta13679@outlook.com","senderAreaCode":"1147035621","senderCPF":"129.***.***-**","senderHash":"53ad5240aa5c5fe7f3754a10243cbfa672d163be47368429e85b3ff32ad62784","shippingAddressStreet":"R. Eucal\u00edpto","shippingAddressNumber":"30","shippingAddressComplement":"","shippingAddressCity":"Cotia","shippingAddressState":"S\u00e3o Paulo","shippingAddressDistrict":"Parque Santa Rita de Cassia","shippingAddressPostalCode":"06700-670","shippingAddressCountry":"BRA","creditCardToken":"1e6debf7ca604eb5936f0f391a3d1d35"}
20/03/2018 20:15:12 PagSeguro.DirectPayment.CreditCard[error]: <?xml version="1.0" encoding="ISO-8859-1" standalone="yes"?><errors><error><code>53020</code><message>sender phone is required.</message></error><error><code>53019</code><message>sender area code invalid value: 1147035621</message></error><error><code>53015</code><message>sender name invalid value: 0</message></error><error><code>53034</code><message>shipping address state invalid value: São Paulo</message></error><error><code>53051</code><message>credit card holder phone is required.</message></error><error><code>53065</code><message>billing address state invalid value: São Paulo</message></error><error><code>53050</code><message>credit card holder area code invalid value: 1147035621</message></error><error><code>53044</code><message>credit card holder name invalid value: visa</message></error></errors>
20/03/2018 20:15:12 PagSeguro.Session[info]: Begin
20/03/2018 20:15:12 PagSeguro.Session[info]: POST: https://ws.sandbox.pagseguro.uol.com.br/v2/sessions?email=kevincosta13679%40outlook.com&token=C34FCB36824D4C38A750142FD5C211B6
20/03/2018 20:15:13 PagSeguro.Session[info]: Session ID: 2a5f661e78eb40acbeda028428f63ddb
20/03/2018 20:19:28 PagSeguro.Session[info]: Begin
20/03/2018 20:19:29 PagSeguro.Session[info]: POST: https://ws.sandbox.pagseguro.uol.com.br/v2/sessions?email=kevincosta13679%40outlook.com&token=C34FCB36824D4C38A750142FD5C211B6
20/03/2018 20:19:30 PagSeguro.Session[info]: Session ID: 8aa1664a845c44e3b0f6a9da70fc1075
20/03/2018 20:20:04 PagSeguro.DirectPayment.CreditCard[info]: Begin
20/03/2018 20:20:04 PagSeguro.DirectPayment.CreditCard[info]: POST: https://ws.sandbox.pagseguro.uol.com.br/v2/transactions/?email=kevincosta13679%40outlook.com&token=C34FCB36824D4C38A750142FD5C211B6
20/03/2018 20:20:04 PagSeguro.Checkout[info]: Params: {"reference":20010,"notificationURL":"http:\/\/localhost\/teste_restaurante\/index.php\/checkout","billingAddressStreet":"R. Eucal\u00edpto","billingAddressNumber":"30","billingAddressComplement":"","billingAddressCity":false,"billingAddressState":"S\u00e3o Paulo","billingAddressDistrict":"Parque Santa Rita de Cassia","billingAddressPostalCode":"06700-670","billingAddressCountry":"BRA","currency":"BRL","creditCardHolderName":"visa","creditCardHolderBirthDate":"01\/01\/1990","creditCardHolderAreaCode":"1147035621","creditCardHolderCPF":"12946213196","installmentQuantity":1,"installmentValue":"42.00","itemId1":"11","itemDescription1":"cafe","itemQuantity1":1,"itemAmount1":"2.00","itemId2":"12","itemDescription2":"P\u00e3o na chapa","itemQuantity2":10,"itemAmount2":"4.00","paymentMethod":"creditCard","paymentMode":"DEFAULT","receiverEmail":"kevincosta13679@outlook.com","senderName":0,"senderEmail":"kevincosta13679@outlook.com","senderAreaCode":"1147035621","senderCPF":"129.***.***-**","senderHash":"e94fc8d5ef67628271645847bbbb987e4f398939342fbb571512efeb92a745c2","shippingAddressStreet":"R. Eucal\u00edpto","shippingAddressNumber":"30","shippingAddressComplement":"","shippingAddressCity":false,"shippingAddressState":"S\u00e3o Paulo","shippingAddressDistrict":"Parque Santa Rita de Cassia","shippingAddressPostalCode":"06700-670","shippingAddressCountry":"BRA","creditCardToken":"45db4f39f1ce48a1b6a049338555313c"}
20/03/2018 20:20:05 PagSeguro.DirectPayment.CreditCard[error]: <?xml version="1.0" encoding="ISO-8859-1" standalone="yes"?><errors><error><code>53020</code><message>sender phone is required.</message></error><error><code>53019</code><message>sender area code invalid value: 1147035621</message></error><error><code>53015</code><message>sender name invalid value: 0</message></error><error><code>53034</code><message>shipping address state invalid value: São Paulo</message></error><error><code>53051</code><message>credit card holder phone is required.</message></error><error><code>53050</code><message>credit card holder area code invalid value: 1147035621</message></error><error><code>53065</code><message>billing address state invalid value: São Paulo</message></error><error><code>53044</code><message>credit card holder name invalid value: visa</message></error></errors>
20/03/2018 20:20:06 PagSeguro.Session[info]: Begin
20/03/2018 20:20:06 PagSeguro.Session[info]: POST: https://ws.sandbox.pagseguro.uol.com.br/v2/sessions?email=kevincosta13679%40outlook.com&token=C34FCB36824D4C38A750142FD5C211B6
20/03/2018 20:20:06 PagSeguro.Session[info]: Session ID: afff5e48f9484aa38a18c8cd32bcf6f4
20/03/2018 20:20:48 PagSeguro.DirectPayment.CreditCard[info]: Begin
20/03/2018 20:20:48 PagSeguro.DirectPayment.CreditCard[info]: POST: https://ws.sandbox.pagseguro.uol.com.br/v2/transactions/?email=kevincosta13679%40outlook.com&token=C34FCB36824D4C38A750142FD5C211B6
20/03/2018 20:20:48 PagSeguro.Checkout[info]: Params: {"reference":20010,"notificationURL":"http:\/\/localhost\/teste_restaurante\/index.php\/checkout","billingAddressStreet":"R. Eucal\u00edpto","billingAddressNumber":"30","billingAddressComplement":"","billingAddressCity":false,"billingAddressState":"S\u00e3o Paulo","billingAddressDistrict":"Parque Santa Rita de Cassia","billingAddressPostalCode":"06700-670","billingAddressCountry":"BRA","currency":"BRL","creditCardHolderName":"visa","creditCardHolderBirthDate":"01\/01\/1990","creditCardHolderAreaCode":"1147035621","creditCardHolderCPF":"12946213196","installmentQuantity":1,"installmentValue":"42.00","itemId1":"11","itemDescription1":"cafe","itemQuantity1":1,"itemAmount1":"2.00","itemId2":"12","itemDescription2":"P\u00e3o na chapa","itemQuantity2":10,"itemAmount2":"4.00","paymentMethod":"creditCard","paymentMode":"DEFAULT","receiverEmail":"kevincosta13679@outlook.com","senderName":0,"senderEmail":"kevincosta13679@outlook.com","senderAreaCode":"1147035621","senderCPF":"129.***.***-**","senderHash":"e94fc8d5ef67628271645847bbbb987e4f398939342fbb571512efeb92a745c2","shippingAddressStreet":"R. Eucal\u00edpto","shippingAddressNumber":"30","shippingAddressComplement":"","shippingAddressCity":false,"shippingAddressState":"S\u00e3o Paulo","shippingAddressDistrict":"Parque Santa Rita de Cassia","shippingAddressPostalCode":"06700-670","shippingAddressCountry":"BRA","creditCardToken":"45db4f39f1ce48a1b6a049338555313c"}
20/03/2018 20:20:49 PagSeguro.DirectPayment.CreditCard[error]: <?xml version="1.0" encoding="ISO-8859-1" standalone="yes"?><errors><error><code>53020</code><message>sender phone is required.</message></error><error><code>53019</code><message>sender area code invalid value: 1147035621</message></error><error><code>53015</code><message>sender name invalid value: 0</message></error><error><code>53034</code><message>shipping address state invalid value: São Paulo</message></error><error><code>53051</code><message>credit card holder phone is required.</message></error><error><code>53050</code><message>credit card holder area code invalid value: 1147035621</message></error><error><code>53065</code><message>billing address state invalid value: São Paulo</message></error><error><code>53044</code><message>credit card holder name invalid value: visa</message></error></errors>
20/03/2018 20:20:49 PagSeguro.Session[info]: Begin
20/03/2018 20:20:49 PagSeguro.Session[info]: POST: https://ws.sandbox.pagseguro.uol.com.br/v2/sessions?email=kevincosta13679%40outlook.com&token=C34FCB36824D4C38A750142FD5C211B6
20/03/2018 20:20:50 PagSeguro.Session[info]: Session ID: 9bbfed5e0e8d4e088228d7c02e0af753
20/03/2018 20:21:28 PagSeguro.DirectPayment.CreditCard[info]: Begin
20/03/2018 20:21:28 PagSeguro.DirectPayment.CreditCard[info]: POST: https://ws.sandbox.pagseguro.uol.com.br/v2/transactions/?email=kevincosta13679%40outlook.com&token=C34FCB36824D4C38A750142FD5C211B6
20/03/2018 20:21:28 PagSeguro.Checkout[info]: Params: {"reference":20010,"notificationURL":"http:\/\/localhost\/teste_restaurante\/index.php\/checkout","billingAddressStreet":"R. Eucal\u00edpto","billingAddressNumber":"30","billingAddressComplement":"","billingAddressCity":"Cotia","billingAddressState":"SP","billingAddressDistrict":"Parque Santa Rita de Cassia","billingAddressPostalCode":"06700-670","billingAddressCountry":"BRA","currency":"BRL","creditCardHolderName":"visa","creditCardHolderBirthDate":"01\/01\/1990","creditCardHolderAreaCode":"1147035621","creditCardHolderCPF":"12946213196","installmentQuantity":1,"installmentValue":"42.00","itemId1":"11","itemDescription1":"cafe","itemQuantity1":1,"itemAmount1":"2.00","itemId2":"12","itemDescription2":"P\u00e3o na chapa","itemQuantity2":10,"itemAmount2":"4.00","paymentMethod":"creditCard","paymentMode":"DEFAULT","receiverEmail":"kevincosta13679@outlook.com","senderName":0,"senderEmail":"kevincosta13679@outlook.com","senderAreaCode":"1147035621","senderCPF":"129.***.***-**","senderHash":"e94fc8d5ef67628271645847bbbb987e4f398939342fbb571512efeb92a745c2","shippingAddressStreet":"R. Eucal\u00edpto","shippingAddressNumber":"30","shippingAddressComplement":"","shippingAddressCity":"Cotia","shippingAddressState":"SP","shippingAddressDistrict":"Parque Santa Rita de Cassia","shippingAddressPostalCode":"06700-670","shippingAddressCountry":"BRA","creditCardToken":"45db4f39f1ce48a1b6a049338555313c"}
20/03/2018 20:21:29 PagSeguro.DirectPayment.CreditCard[error]: <?xml version="1.0" encoding="ISO-8859-1" standalone="yes"?><errors><error><code>53020</code><message>sender phone is required.</message></error><error><code>53019</code><message>sender area code invalid value: 1147035621</message></error><error><code>53015</code><message>sender name invalid value: 0</message></error><error><code>53051</code><message>credit card holder phone is required.</message></error><error><code>53050</code><message>credit card holder area code invalid value: 1147035621</message></error><error><code>53044</code><message>credit card holder name invalid value: visa</message></error></errors>
20/03/2018 20:21:30 PagSeguro.Session[info]: Begin
20/03/2018 20:21:30 PagSeguro.Session[info]: POST: https://ws.sandbox.pagseguro.uol.com.br/v2/sessions?email=kevincosta13679%40outlook.com&token=C34FCB36824D4C38A750142FD5C211B6
20/03/2018 20:21:30 PagSeguro.Session[info]: Session ID: a23361bcaec8458a80cc7c50aa3cafdb
20/03/2018 20:22:40 PagSeguro.DirectPayment.CreditCard[info]: Begin
20/03/2018 20:22:40 PagSeguro.DirectPayment.CreditCard[info]: POST: https://ws.sandbox.pagseguro.uol.com.br/v2/transactions/?email=kevincosta13679%40outlook.com&token=C34FCB36824D4C38A750142FD5C211B6
20/03/2018 20:22:40 PagSeguro.Checkout[info]: Params: {"reference":20010,"notificationURL":"http:\/\/localhost\/teste_restaurante\/index.php\/checkout","billingAddressStreet":"R. Eucal\u00edpto","billingAddressNumber":"30","billingAddressComplement":"","billingAddressCity":"Cotia","billingAddressState":"SP","billingAddressDistrict":"Parque Santa Rita de Cassia","billingAddressPostalCode":"06700-670","billingAddressCountry":"BRA","currency":"BRL","creditCardHolderName":"visa","creditCardHolderBirthDate":"01\/01\/1990","creditCardHolderAreaCode":"1147035621","creditCardHolderCPF":"12946213196","installmentQuantity":1,"installmentValue":"42.00","itemId1":"11","itemDescription1":"cafe","itemQuantity1":1,"itemAmount1":"2.00","itemId2":"12","itemDescription2":"P\u00e3o na chapa","itemQuantity2":10,"itemAmount2":"4.00","paymentMethod":"creditCard","paymentMode":"DEFAULT","receiverEmail":"kevincosta13679@outlook.com","senderName":0,"senderEmail":"kevincosta13679@outlook.com","senderAreaCode":"1147035621","senderCPF":"129.***.***-**","senderHash":"e94fc8d5ef67628271645847bbbb987e4f398939342fbb571512efeb92a745c2","shippingAddressStreet":"R. Eucal\u00edpto","shippingAddressNumber":"30","shippingAddressComplement":"","shippingAddressCity":"Cotia","shippingAddressState":"SP","shippingAddressDistrict":"Parque Santa Rita de Cassia","shippingAddressPostalCode":"06700-670","shippingAddressCountry":"BRA","creditCardToken":"45db4f39f1ce48a1b6a049338555313c"}
20/03/2018 20:22:42 PagSeguro.DirectPayment.CreditCard[error]: Internal Server Error
20/03/2018 20:22:42 PagSeguro.Session[info]: Begin
20/03/2018 20:22:42 PagSeguro.Session[info]: POST: https://ws.sandbox.pagseguro.uol.com.br/v2/sessions?email=kevincosta13679%40outlook.com&token=C34FCB36824D4C38A750142FD5C211B6
20/03/2018 20:22:42 PagSeguro.Session[info]: Session ID: 4171da8c6e62451d99afda485dbb5e4a
20/03/2018 20:25:28 PagSeguro.Session[info]: Begin
20/03/2018 20:25:28 PagSeguro.Session[info]: POST: https://ws.sandbox.pagseguro.uol.com.br/v2/sessions?email=kevincosta13679%40outlook.com&token=C34FCB36824D4C38A750142FD5C211B6
20/03/2018 20:27:11 PagSeguro.Session[info]: Session ID: 160dde272535462cb5b3d45317764b84
20/03/2018 20:30:02 PagSeguro.Session[info]: Begin
20/03/2018 20:30:02 PagSeguro.Session[info]: POST: https://ws.sandbox.pagseguro.uol.com.br/v2/sessions?email=kevincosta13679%40outlook.com&token=C34FCB36824D4C38A750142FD5C211B6
20/03/2018 20:30:03 PagSeguro.Session[info]: Session ID: a7492cd5fa0e401b9ad66dfe30c77f10
20/03/2018 20:31:15 PagSeguro.Session[info]: Begin
20/03/2018 20:31:15 PagSeguro.Session[info]: POST: https://ws.sandbox.pagseguro.uol.com.br/v2/sessions?email=kevincosta13679%40outlook.com&token=C34FCB36824D4C38A750142FD5C211B6
20/03/2018 20:31:16 PagSeguro.Session[info]: Session ID: 85bba3e16fec41bd80b355af11814816
20/03/2018 20:32:09 PagSeguro.Session[info]: Begin
20/03/2018 20:32:09 PagSeguro.Session[info]: POST: https://ws.sandbox.pagseguro.uol.com.br/v2/sessions?email=kevincosta13679%40outlook.com&token=C34FCB36824D4C38A750142FD5C211B6
20/03/2018 20:32:10 PagSeguro.Session[info]: Session ID: f2e5deb44e834523836bd40501c776ea
20/03/2018 20:32:43 PagSeguro.DirectPayment.CreditCard[info]: Begin
20/03/2018 20:32:43 PagSeguro.DirectPayment.CreditCard[info]: POST: https://ws.sandbox.pagseguro.uol.com.br/v2/transactions/?email=kevincosta13679%40outlook.com&token=C34FCB36824D4C38A750142FD5C211B6
20/03/2018 20:32:43 PagSeguro.Checkout[info]: Params: {"reference":20010,"notificationURL":"http:\/\/localhost\/teste_restaurante\/index.php\/checkout","billingAddressStreet":"R. Eucal\u00edpto","billingAddressNumber":"30","billingAddressComplement":"","billingAddressCity":"Cotia","billingAddressState":"SP","billingAddressDistrict":"Parque Santa Rita de Cassia","billingAddressPostalCode":"06700670","billingAddressCountry":"BRA","currency":"BRL","creditCardHolderName":"visa","creditCardHolderBirthDate":"01\/01\/1990","creditCardHolderAreaCode":"1147035621","creditCardHolderCPF":"12946213196","installmentQuantity":1,"installmentValue":"42.00","itemId1":"11","itemDescription1":"cafe","itemQuantity1":1,"itemAmount1":"2.00","itemId2":"12","itemDescription2":"P\u00e3o na chapa","itemQuantity2":10,"itemAmount2":"4.00","paymentMethod":"creditCard","paymentMode":"DEFAULT","receiverEmail":"kevincosta13679@outlook.com","senderName":0,"senderEmail":"kevincosta13679@outlook.com","senderAreaCode":"1147035621","senderCPF":"129.***.***-**","senderHash":"a80a63b41114de615bc9687b8433b76795ede7a1c3837857e099fdeb9d8b9b7e","shippingAddressStreet":"R. Eucal\u00edpto","shippingAddressNumber":"30","shippingAddressComplement":"","shippingAddressCity":"Cotia","shippingAddressState":"SP","shippingAddressDistrict":"Parque Santa Rita de Cassia","shippingAddressPostalCode":"06700670","shippingAddressCountry":"BRA","creditCardToken":"7275464034674df3bdbf91d7a2af3202"}
20/03/2018 20:32:44 PagSeguro.DirectPayment.CreditCard[error]: <?xml version="1.0" encoding="ISO-8859-1" standalone="yes"?><errors><error><code>53020</code><message>sender phone is required.</message></error><error><code>53019</code><message>sender area code invalid value: 1147035621</message></error><error><code>53015</code><message>sender name invalid value: 0</message></error><error><code>53051</code><message>credit card holder phone is required.</message></error><error><code>53050</code><message>credit card holder area code invalid value: 1147035621</message></error><error><code>53044</code><message>credit card holder name invalid value: visa</message></error></errors>
20/03/2018 20:32:44 PagSeguro.Session[info]: Begin
20/03/2018 20:32:44 PagSeguro.Session[info]: POST: https://ws.sandbox.pagseguro.uol.com.br/v2/sessions?email=kevincosta13679%40outlook.com&token=C34FCB36824D4C38A750142FD5C211B6
20/03/2018 20:32:45 PagSeguro.Session[info]: Session ID: c041d6cb20c54176bddbb188900e194d
20/03/2018 20:56:19 PagSeguro.Session[info]: Begin
20/03/2018 20:56:20 PagSeguro.Session[info]: POST: https://ws.sandbox.pagseguro.uol.com.br/v2/sessions?email=kevincosta13679%40outlook.com&token=C34FCB36824D4C38A750142FD5C211B6
20/03/2018 20:56:23 PagSeguro.Session[info]: Session ID: 7c0d14c541d5478ea6d71a769c8178c0
20/03/2018 20:57:51 PagSeguro.DirectPayment.CreditCard[info]: Begin
20/03/2018 20:57:51 PagSeguro.DirectPayment.CreditCard[info]: POST: https://ws.sandbox.pagseguro.uol.com.br/v2/transactions/?email=kevincosta13679%40outlook.com&token=C34FCB36824D4C38A750142FD5C211B6
20/03/2018 20:57:52 PagSeguro.Checkout[info]: Params: {"reference":20010,"notificationURL":"http:\/\/localhost\/teste_restaurante\/index.php\/checkout","billingAddressStreet":"R. Eucal\u00edpto","billingAddressNumber":"30","billingAddressComplement":"","billingAddressCity":"Cotia","billingAddressState":"SP","billingAddressDistrict":"Parque Santa Rita de Cassia","billingAddressPostalCode":"06700670","billingAddressCountry":"BRA","currency":"BRL","creditCardHolderName":"Jo\u00e3o comprador no cart\u00e3o","creditCardHolderBirthDate":"01\/01\/1990","creditCardHolderAreaCode":"11","creditCardHolderPhone":"47035621","creditCardHolderCPF":"12946213196","installmentQuantity":1,"installmentValue":"42.00","itemId1":"11","itemDescription1":"cafe","itemQuantity1":1,"itemAmount1":"2.00","itemId2":"12","itemDescription2":"P\u00e3o na chapa","itemQuantity2":10,"itemAmount2":"4.00","paymentMethod":"creditCard","paymentMode":"DEFAULT","receiverEmail":"kevincosta13679@outlook.com","senderName":"Teste Teste","senderEmail":"kevincosta13679@outlook.com","senderAreaCode":"11","senderPhone":"(**) 4703-****","senderCPF":"129.***.***-**","senderHash":"b08a8481f9c78e0c1f910236e23731a5859077b28f16bd8ce61ceb21bc46d999","shippingAddressStreet":"R. Eucal\u00edpto","shippingAddressNumber":"30","shippingAddressComplement":"","shippingAddressCity":"Cotia","shippingAddressState":"SP","shippingAddressDistrict":"Parque Santa Rita de Cassia","shippingAddressPostalCode":"06700670","shippingAddressCountry":"BRA","creditCardToken":"46597d9b963c42c4bea7da47e35e8bc3"}
20/03/2018 20:57:53 PagSeguro.DirectPayment.CreditCard[error]: <?xml version="1.0" encoding="ISO-8859-1" standalone="yes"?><errors><error><code>53122</code><message>sender email invalid domain: kevincosta13679@outlook.com. You must use an email @sandbox.pagseguro.com.br</message></error></errors>
20/03/2018 20:57:53 PagSeguro.Session[info]: Begin
20/03/2018 20:57:53 PagSeguro.Session[info]: POST: https://ws.sandbox.pagseguro.uol.com.br/v2/sessions?email=kevincosta13679%40outlook.com&token=C34FCB36824D4C38A750142FD5C211B6
20/03/2018 20:57:54 PagSeguro.Session[info]: Session ID: 1e23ee7cefdc404796bf0ed82fd7645c
20/03/2018 20:59:13 PagSeguro.DirectPayment.CreditCard[info]: Begin
20/03/2018 20:59:13 PagSeguro.DirectPayment.CreditCard[info]: POST: https://ws.sandbox.pagseguro.uol.com.br/v2/transactions/?email=kevincosta13679%40outlook.com&token=C34FCB36824D4C38A750142FD5C211B6
20/03/2018 20:59:13 PagSeguro.Checkout[info]: Params: {"reference":20010,"notificationURL":"http:\/\/localhost\/teste_restaurante\/index.php\/checkout","billingAddressStreet":"R. Eucal\u00edpto","billingAddressNumber":"30","billingAddressComplement":"","billingAddressCity":"Cotia","billingAddressState":"SP","billingAddressDistrict":"Parque Santa Rita de Cassia","billingAddressPostalCode":"06700670","billingAddressCountry":"BRA","currency":"BRL","creditCardHolderName":"Jo\u00e3o comprador no cart\u00e3o","creditCardHolderBirthDate":"01\/01\/1990","creditCardHolderAreaCode":"11","creditCardHolderPhone":"47035621","creditCardHolderCPF":"12946213196","installmentQuantity":1,"installmentValue":"42.00","itemId1":"11","itemDescription1":"cafe","itemQuantity1":1,"itemAmount1":"2.00","itemId2":"12","itemDescription2":"P\u00e3o na chapa","itemQuantity2":10,"itemAmount2":"4.00","paymentMethod":"creditCard","paymentMode":"DEFAULT","receiverEmail":"kevincosta13679@outlook.com","senderName":"Teste Teste","senderEmail":"c36241994342408943266@sandbox.pagseguro.com.br","senderAreaCode":"11","senderPhone":"(**) 4703-****","senderCPF":"129.***.***-**","senderHash":"b08a8481f9c78e0c1f910236e23731a5859077b28f16bd8ce61ceb21bc46d999","shippingAddressStreet":"R. Eucal\u00edpto","shippingAddressNumber":"30","shippingAddressComplement":"","shippingAddressCity":"Cotia","shippingAddressState":"SP","shippingAddressDistrict":"Parque Santa Rita de Cassia","shippingAddressPostalCode":"06700670","shippingAddressCountry":"BRA","creditCardToken":"46597d9b963c42c4bea7da47e35e8bc3"}
20/03/2018 20:59:19 PagSeguro.DirectPayment.CreditCard[info]: Credit Card Payment Code: 60356EA8-6D32-4C7F-BCE5-226EA41D5358
20/03/2018 20:59:19 PagSeguro.Session[info]: Begin
20/03/2018 20:59:19 PagSeguro.Session[info]: POST: https://ws.sandbox.pagseguro.uol.com.br/v2/sessions?email=kevincosta13679%40outlook.com&token=C34FCB36824D4C38A750142FD5C211B6
20/03/2018 20:59:19 PagSeguro.Session[info]: Session ID: b50d2dcf2de14b389d087ad55c982cf1
20/03/2018 21:02:39 PagSeguro.Session[info]: Begin
20/03/2018 21:02:39 PagSeguro.Session[info]: POST: https://ws.sandbox.pagseguro.uol.com.br/v2/sessions?email=kevincosta13679%40outlook.com&token=C34FCB36824D4C38A750142FD5C211B6
20/03/2018 21:02:40 PagSeguro.Session[info]: Session ID: 4ed7cbe1cf324837805129962252b512
20/03/2018 21:03:44 PagSeguro.DirectPayment.CreditCard[info]: Begin
20/03/2018 21:03:44 PagSeguro.DirectPayment.CreditCard[info]: POST: https://ws.sandbox.pagseguro.uol.com.br/v2/transactions/?email=kevincosta13679%40outlook.com&token=C34FCB36824D4C38A750142FD5C211B6
20/03/2018 21:03:44 PagSeguro.Checkout[info]: Params: {"reference":20010,"notificationURL":"http:\/\/localhost\/teste_restaurante\/index.php\/checkout","billingAddressStreet":"R. Eucal\u00edpto","billingAddressNumber":"30","billingAddressComplement":"","billingAddressCity":"Cotia","billingAddressState":"SP","billingAddressDistrict":"Parque Santa Rita de Cassia","billingAddressPostalCode":"06700670","billingAddressCountry":"BRA","currency":"BRL","creditCardHolderName":"Jo\u00e3o comprador no cart\u00e3o","creditCardHolderBirthDate":"01\/01\/1990","creditCardHolderAreaCode":"11","creditCardHolderPhone":"47035621","creditCardHolderCPF":"12946213196","installmentQuantity":1,"installmentValue":"42.00","itemId1":"11","itemDescription1":"cafe","itemQuantity1":1,"itemAmount1":"2.00","itemId2":"12","itemDescription2":"P\u00e3o na chapa","itemQuantity2":10,"itemAmount2":"4.00","paymentMethod":"creditCard","paymentMode":"DEFAULT","receiverEmail":"kevincosta13679@outlook.com","senderName":"Teste Teste","senderEmail":"c36241994342408943266@sandbox.pagseguro.com.br","senderAreaCode":"11","senderPhone":"(**) 4703-****","senderCPF":"129.***.***-**","senderHash":"d8ffa51d586588c1feb7416c8b5ed6dc606d632b28968c961a395c7cf6eeb912","shippingAddressStreet":"R. Eucal\u00edpto","shippingAddressNumber":"30","shippingAddressComplement":"","shippingAddressCity":"Cotia","shippingAddressState":"SP","shippingAddressDistrict":"Parque Santa Rita de Cassia","shippingAddressPostalCode":"06700670","shippingAddressCountry":"BRA","creditCardToken":"72f516c0b0c44d678d2fbfc8fa965499"}
20/03/2018 21:03:47 PagSeguro.DirectPayment.CreditCard[info]: Credit Card Payment Code: 6252BA53-AEC1-4508-AC88-FC6E455BF574
20/03/2018 21:03:47 PagSeguro.Session[info]: Begin
20/03/2018 21:03:47 PagSeguro.Session[info]: POST: https://ws.sandbox.pagseguro.uol.com.br/v2/sessions?email=kevincosta13679%40outlook.com&token=C34FCB36824D4C38A750142FD5C211B6
20/03/2018 21:03:47 PagSeguro.Session[info]: Session ID: c865cc4bd3fc4066b62843a784638d1a
20/03/2018 21:05:23 PagSeguro.DirectPayment.CreditCard[info]: Begin
20/03/2018 21:05:23 PagSeguro.DirectPayment.CreditCard[info]: POST: https://ws.sandbox.pagseguro.uol.com.br/v2/transactions/?email=kevincosta13679%40outlook.com&token=C34FCB36824D4C38A750142FD5C211B6
20/03/2018 21:05:23 PagSeguro.Checkout[info]: Params: {"reference":20010,"notificationURL":"http:\/\/localhost\/teste_restaurante\/index.php\/checkout","billingAddressStreet":"R. Eucal\u00edpto","billingAddressNumber":"30","billingAddressComplement":"","billingAddressCity":"Cotia","billingAddressState":"SP","billingAddressDistrict":"Parque Santa Rita de Cassia","billingAddressPostalCode":"06700670","billingAddressCountry":"BRA","currency":"BRL","creditCardHolderName":"Jo\u00e3o comprador no cart\u00e3o","creditCardHolderBirthDate":"01\/01\/1990","creditCardHolderAreaCode":"11","creditCardHolderPhone":"47035621","creditCardHolderCPF":"12946213196","installmentQuantity":1,"installmentValue":"42.00","itemId1":"11","itemDescription1":"cafe","itemQuantity1":1,"itemAmount1":"2.00","itemId2":"12","itemDescription2":"P\u00e3o na chapa","itemQuantity2":10,"itemAmount2":"4.00","paymentMethod":"creditCard","paymentMode":"DEFAULT","receiverEmail":"kevincosta13679@outlook.com","senderName":"Teste Teste","senderEmail":"c36241994342408943266@sandbox.pagseguro.com.br","senderAreaCode":"11","senderPhone":"(**) 4703-****","senderCPF":"129.***.***-**","senderHash":"d8ffa51d586588c1feb7416c8b5ed6dc606d632b28968c961a395c7cf6eeb912","shippingAddressStreet":"R. Eucal\u00edpto","shippingAddressNumber":"30","shippingAddressComplement":"","shippingAddressCity":"Cotia","shippingAddressState":"SP","shippingAddressDistrict":"Parque Santa Rita de Cassia","shippingAddressPostalCode":"06700670","shippingAddressCountry":"BRA","creditCardToken":"72f516c0b0c44d678d2fbfc8fa965499"}
20/03/2018 21:05:26 PagSeguro.DirectPayment.CreditCard[info]: Credit Card Payment Code: 7617451D-19F5-43D3-A9A7-16418CA80093
20/03/2018 21:05:26 PagSeguro.Session[info]: Begin
20/03/2018 21:05:26 PagSeguro.Session[info]: POST: https://ws.sandbox.pagseguro.uol.com.br/v2/sessions?email=kevincosta13679%40outlook.com&token=C34FCB36824D4C38A750142FD5C211B6
20/03/2018 21:05:26 PagSeguro.Session[info]: Session ID: b973fe1ed9d04e88bcec8df054b3f84a
20/03/2018 21:07:47 PagSeguro.Session[info]: Begin
20/03/2018 21:07:47 PagSeguro.Session[info]: POST: https://ws.sandbox.pagseguro.uol.com.br/v2/sessions?email=kevincosta13679%40outlook.com&token=C34FCB36824D4C38A750142FD5C211B6
20/03/2018 21:07:48 PagSeguro.Session[info]: Session ID: 14fbfaa3fafb4e928634983b788c1b0c
20/03/2018 21:07:53 PagSeguro.Session[info]: Begin
20/03/2018 21:07:53 PagSeguro.Session[info]: POST: https://ws.sandbox.pagseguro.uol.com.br/v2/sessions?email=kevincosta13679%40outlook.com&token=C34FCB36824D4C38A750142FD5C211B6
20/03/2018 21:07:54 PagSeguro.Session[info]: Session ID: ebcf2712dc5e4f74b50b4aff893dc56a
20/03/2018 21:08:08 PagSeguro.Session[info]: Begin
20/03/2018 21:08:08 PagSeguro.Session[info]: POST: https://ws.sandbox.pagseguro.uol.com.br/v2/sessions?email=kevincosta13679%40outlook.com&token=C34FCB36824D4C38A750142FD5C211B6
20/03/2018 21:08:09 PagSeguro.Session[info]: Session ID: 74b9e56a96bf4ba2b91a9fcc8b0594d1
20/03/2018 21:08:38 PagSeguro.Session[info]: Begin
20/03/2018 21:08:38 PagSeguro.Session[info]: POST: https://ws.sandbox.pagseguro.uol.com.br/v2/sessions?email=kevincosta13679%40outlook.com&token=C34FCB36824D4C38A750142FD5C211B6
20/03/2018 21:08:39 PagSeguro.Session[info]: Session ID: 410796b6b2cc4a6eaac5ab5c26c85b1b
20/03/2018 21:08:49 PagSeguro.Session[info]: Begin
20/03/2018 21:08:49 PagSeguro.Session[info]: POST: https://ws.sandbox.pagseguro.uol.com.br/v2/sessions?email=kevincosta13679%40outlook.com&token=C34FCB36824D4C38A750142FD5C211B6
20/03/2018 21:08:49 PagSeguro.Session[info]: Session ID: 56a7a985d5dd4d28b50b30069c709d9f
20/03/2018 21:09:33 PagSeguro.Session[info]: Begin
20/03/2018 21:09:33 PagSeguro.Session[info]: POST: https://ws.sandbox.pagseguro.uol.com.br/v2/sessions?email=kevincosta13679%40outlook.com&token=C34FCB36824D4C38A750142FD5C211B6
20/03/2018 21:09:34 PagSeguro.Session[info]: Session ID: 2703d7df25bd46c1bf402969c1a78e9a
20/03/2018 21:13:13 PagSeguro.DirectPayment.CreditCard[info]: Begin
20/03/2018 21:13:13 PagSeguro.DirectPayment.CreditCard[info]: POST: https://ws.sandbox.pagseguro.uol.com.br/v2/transactions/?email=kevincosta13679%40outlook.com&token=C34FCB36824D4C38A750142FD5C211B6
20/03/2018 21:13:13 PagSeguro.Checkout[info]: Params: {"reference":20010,"notificationURL":"http:\/\/localhost\/teste_restaurante\/index.php\/checkout","billingAddressStreet":"R. Eucal\u00edpto","billingAddressNumber":"30","billingAddressComplement":"","billingAddressCity":"Cotia","billingAddressState":"SP","billingAddressDistrict":"Parque Santa Rita de Cassia","billingAddressPostalCode":"06700670","billingAddressCountry":"BRA","currency":"BRL","creditCardHolderName":"Jo\u00e3o comprador no cart\u00e3o","creditCardHolderBirthDate":"01\/01\/1990","creditCardHolderAreaCode":"11","creditCardHolderPhone":"47035621","creditCardHolderCPF":"12946213196","installmentQuantity":1,"installmentValue":"42.00","itemId1":"11","itemDescription1":"cafe","itemQuantity1":1,"itemAmount1":"2.00","itemId2":"12","itemDescription2":"P\u00e3o na chapa","itemQuantity2":10,"itemAmount2":"4.00","paymentMethod":"creditCard","paymentMode":"DEFAULT","receiverEmail":"kevincosta13679@outlook.com","senderName":"Teste Teste","senderEmail":"c36241994342408943266@sandbox.pagseguro.com.br","senderAreaCode":"11","senderPhone":"(**) 4703-****","senderCPF":"129.***.***-**","senderHash":"9c13069b8a50b9665590e2e1571728ef95bf75dc31bcc451efe72ad8b43c8343","shippingAddressStreet":"R. Eucal\u00edpto","shippingAddressNumber":"30","shippingAddressComplement":"","shippingAddressCity":"Cotia","shippingAddressState":"SP","shippingAddressDistrict":"Parque Santa Rita de Cassia","shippingAddressPostalCode":"06700670","shippingAddressCountry":"BRA","creditCardToken":"3705a7dd4f2f4c7cb8a82035b5475731"}
20/03/2018 21:13:15 PagSeguro.DirectPayment.CreditCard[info]: Credit Card Payment Code: 1559F214-D922-466E-A8E8-A0CB5DDE9432
20/03/2018 21:13:16 PagSeguro.Session[info]: Begin
20/03/2018 21:13:16 PagSeguro.Session[info]: POST: https://ws.sandbox.pagseguro.uol.com.br/v2/sessions?email=kevincosta13679%40outlook.com&token=C34FCB36824D4C38A750142FD5C211B6
20/03/2018 21:13:16 PagSeguro.Session[info]: Session ID: 11295d78c5294a18beb304646d8c0a1f
20/03/2018 21:21:13 PagSeguro.DirectPayment.CreditCard[info]: Begin
20/03/2018 21:21:13 PagSeguro.DirectPayment.CreditCard[info]: POST: https://ws.sandbox.pagseguro.uol.com.br/v2/transactions/?email=kevincosta13679%40outlook.com&token=C34FCB36824D4C38A750142FD5C211B6
20/03/2018 21:21:13 PagSeguro.Checkout[info]: Params: {"reference":20010,"notificationURL":"http:\/\/localhost\/teste_restaurante\/index.php\/checkout","billingAddressStreet":"R. Eucal\u00edpto","billingAddressNumber":"30","billingAddressComplement":"","billingAddressCity":"Cotia","billingAddressState":"SP","billingAddressDistrict":"Parque Santa Rita de Cassia","billingAddressPostalCode":"06700670","billingAddressCountry":"BRA","currency":"BRL","creditCardHolderName":"Jo\u00e3o comprador no cart\u00e3o","creditCardHolderBirthDate":"01\/01\/1990","creditCardHolderAreaCode":"11","creditCardHolderPhone":"47035621","creditCardHolderCPF":"12946213196","installmentQuantity":1,"installmentValue":"42.00","itemId1":"11","itemDescription1":"cafe","itemQuantity1":1,"itemAmount1":"2.00","itemId2":"12","itemDescription2":"P\u00e3o na chapa","itemQuantity2":10,"itemAmount2":"4.00","paymentMethod":"creditCard","paymentMode":"DEFAULT","receiverEmail":"kevincosta13679@outlook.com","senderName":"Teste Teste","senderEmail":"c36241994342408943266@sandbox.pagseguro.com.br","senderAreaCode":"11","senderPhone":"(**) 4703-****","senderCPF":"129.***.***-**","senderHash":"9c13069b8a50b9665590e2e1571728ef95bf75dc31bcc451efe72ad8b43c8343","shippingAddressStreet":"R. Eucal\u00edpto","shippingAddressNumber":"30","shippingAddressComplement":"","shippingAddressCity":"Cotia","shippingAddressState":"SP","shippingAddressDistrict":"Parque Santa Rita de Cassia","shippingAddressPostalCode":"06700670","shippingAddressCountry":"BRA","creditCardToken":"3705a7dd4f2f4c7cb8a82035b5475731"}
20/03/2018 21:21:19 PagSeguro.DirectPayment.CreditCard[info]: Credit Card Payment Code: 40C20E02-53C3-4072-862C-272E1FA7D585
20/03/2018 21:21:19 PagSeguro.Session[info]: Begin
20/03/2018 21:21:19 PagSeguro.Session[info]: POST: https://ws.sandbox.pagseguro.uol.com.br/v2/sessions?email=kevincosta13679%40outlook.com&token=C34FCB36824D4C38A750142FD5C211B6
20/03/2018 21:21:19 PagSeguro.Session[info]: Session ID: d54b9127d862461d84071de445988657
20/03/2018 21:21:45 PagSeguro.DirectPayment.CreditCard[info]: Begin
20/03/2018 21:21:45 PagSeguro.DirectPayment.CreditCard[info]: POST: https://ws.sandbox.pagseguro.uol.com.br/v2/transactions/?email=kevincosta13679%40outlook.com&token=C34FCB36824D4C38A750142FD5C211B6
20/03/2018 21:21:45 PagSeguro.Checkout[info]: Params: {"reference":20010,"notificationURL":"http:\/\/localhost\/teste_restaurante\/index.php\/checkout","billingAddressStreet":"R. Eucal\u00edpto","billingAddressNumber":"30","billingAddressComplement":"","billingAddressCity":"Cotia","billingAddressState":"SP","billingAddressDistrict":"Parque Santa Rita de Cassia","billingAddressPostalCode":"06700670","billingAddressCountry":"BRA","currency":"BRL","creditCardHolderName":"Jo\u00e3o comprador no cart\u00e3o","creditCardHolderBirthDate":"01\/01\/1990","creditCardHolderAreaCode":"11","creditCardHolderPhone":"47035621","creditCardHolderCPF":"12946213196","installmentQuantity":1,"installmentValue":"42.00","itemId1":"11","itemDescription1":"cafe","itemQuantity1":1,"itemAmount1":"2.00","itemId2":"12","itemDescription2":"P\u00e3o na chapa","itemQuantity2":10,"itemAmount2":"4.00","paymentMethod":"creditCard","paymentMode":"DEFAULT","receiverEmail":"kevincosta13679@outlook.com","senderName":"Teste Teste","senderEmail":"c36241994342408943266@sandbox.pagseguro.com.br","senderAreaCode":"11","senderPhone":"(**) 4703-****","senderCPF":"129.***.***-**","senderHash":"e850a602bbdefbaf7865846889031b6311e1db3995c7ec2a1b4f6a3a272fd89d","shippingAddressStreet":"R. Eucal\u00edpto","shippingAddressNumber":"30","shippingAddressComplement":"","shippingAddressCity":"Cotia","shippingAddressState":"SP","shippingAddressDistrict":"Parque Santa Rita de Cassia","shippingAddressPostalCode":"06700670","shippingAddressCountry":"BRA","creditCardToken":"4909c1e6f2f64f0fa8d079941e160e18"}
20/03/2018 21:21:47 PagSeguro.DirectPayment.CreditCard[info]: Credit Card Payment Code: 3AC4E5B0-DF92-4E11-894A-4EF0FE6EBE94
20/03/2018 21:21:47 PagSeguro.Session[info]: Begin
20/03/2018 21:21:47 PagSeguro.Session[info]: POST: https://ws.sandbox.pagseguro.uol.com.br/v2/sessions?email=kevincosta13679%40outlook.com&token=C34FCB36824D4C38A750142FD5C211B6
20/03/2018 21:21:47 PagSeguro.Session[info]: Session ID: e61d6bd604fc4c86931babf7c63875c5
20/03/2018 21:23:43 PagSeguro.Session[info]: Begin
20/03/2018 21:23:43 PagSeguro.Session[info]: POST: https://ws.sandbox.pagseguro.uol.com.br/v2/sessions?email=kevincosta13679%40outlook.com&token=C34FCB36824D4C38A750142FD5C211B6
20/03/2018 21:23:44 PagSeguro.Session[info]: Session ID: 710d5bca20c54b0097f80d7f909518b1
20/03/2018 21:24:01 PagSeguro.Session[info]: Begin
20/03/2018 21:24:01 PagSeguro.Session[info]: POST: https://ws.sandbox.pagseguro.uol.com.br/v2/sessions?email=kevincosta13679%40outlook.com&token=C34FCB36824D4C38A750142FD5C211B6
20/03/2018 21:24:01 PagSeguro.Session[info]: Session ID: 23b92e1656f7443f94e02417cba9e4c9
20/03/2018 21:25:03 PagSeguro.Session[info]: Begin
20/03/2018 21:25:03 PagSeguro.Session[info]: POST: https://ws.sandbox.pagseguro.uol.com.br/v2/sessions?email=kevincosta13679%40outlook.com&token=C34FCB36824D4C38A750142FD5C211B6
20/03/2018 21:25:05 PagSeguro.Session[info]: Session ID: e8fd57804c2240d584b71feb787c4f11
20/03/2018 21:26:49 PagSeguro.Session[info]: Begin
20/03/2018 21:26:49 PagSeguro.Session[info]: POST: https://ws.sandbox.pagseguro.uol.com.br/v2/sessions?email=kevincosta13679%40outlook.com&token=C34FCB36824D4C38A750142FD5C211B6
20/03/2018 21:26:50 PagSeguro.Session[info]: Session ID: b4099c922d614aff8103923805d4e518
20/03/2018 21:27:26 PagSeguro.Session[info]: Begin
20/03/2018 21:27:26 PagSeguro.Session[info]: POST: https://ws.sandbox.pagseguro.uol.com.br/v2/sessions?email=kevincosta13679%40outlook.com&token=C34FCB36824D4C38A750142FD5C211B6
20/03/2018 21:27:27 PagSeguro.Session[info]: Session ID: 0ea99d01d916409ead96335975f47c8f
20/03/2018 21:28:16 PagSeguro.DirectPayment.CreditCard[info]: Begin
20/03/2018 21:28:16 PagSeguro.DirectPayment.CreditCard[info]: POST: https://ws.sandbox.pagseguro.uol.com.br/v2/transactions/?email=kevincosta13679%40outlook.com&token=C34FCB36824D4C38A750142FD5C211B6
20/03/2018 21:28:16 PagSeguro.Checkout[info]: Params: {"reference":20010,"notificationURL":"http:\/\/localhost\/teste_restaurante\/index.php\/checkout","billingAddressStreet":"R. Eucal\u00edpto","billingAddressNumber":"30","billingAddressComplement":"","billingAddressCity":"Cotia","billingAddressState":"SP","billingAddressDistrict":"Parque Santa Rita de Cassia","billingAddressPostalCode":"06700670","billingAddressCountry":"BRA","currency":"BRL","creditCardHolderName":"Jo\u00e3o comprador no cart\u00e3o","creditCardHolderBirthDate":"01\/01\/1990","creditCardHolderAreaCode":"11","creditCardHolderPhone":"47035621","creditCardHolderCPF":"12946213196","installmentQuantity":"3","installmentValue":"44.54","itemId1":"11","itemDescription1":"cafe","itemQuantity1":1,"itemAmount1":"2.00","itemId2":"12","itemDescription2":"P\u00e3o na chapa","itemQuantity2":10,"itemAmount2":"4.00","paymentMethod":"creditCard","paymentMode":"DEFAULT","receiverEmail":"kevincosta13679@outlook.com","senderName":"Teste Teste","senderEmail":"c36241994342408943266@sandbox.pagseguro.com.br","senderAreaCode":"11","senderPhone":"(**) 4703-****","senderCPF":"129.***.***-**","senderHash":"eab10b4d2bba097f5593dc78909658bcb7cf19e680e3051a9eac10db01650cf6","shippingAddressStreet":"R. Eucal\u00edpto","shippingAddressNumber":"30","shippingAddressComplement":"","shippingAddressCity":"Cotia","shippingAddressState":"SP","shippingAddressDistrict":"Parque Santa Rita de Cassia","shippingAddressPostalCode":"06700670","shippingAddressCountry":"BRA","creditCardToken":"a3e30a24dce64fb1b2197c327eb9313c"}
20/03/2018 21:28:18 PagSeguro.DirectPayment.CreditCard[error]: <?xml version="1.0" encoding="ISO-8859-1" standalone="yes"?><errors><error><code>53041</code><message>installment value invalid value: 44.54</message></error></errors>
20/03/2018 21:28:18 PagSeguro.Session[info]: Begin
20/03/2018 21:28:18 PagSeguro.Session[info]: POST: https://ws.sandbox.pagseguro.uol.com.br/v2/sessions?email=kevincosta13679%40outlook.com&token=C34FCB36824D4C38A750142FD5C211B6
20/03/2018 21:28:19 PagSeguro.Session[info]: Session ID: 2bbba44d11aa4690ab4e62c753f8fb2a
20/03/2018 21:33:43 PagSeguro.DirectPayment.CreditCard[info]: Begin
20/03/2018 21:33:43 PagSeguro.DirectPayment.CreditCard[info]: POST: https://ws.sandbox.pagseguro.uol.com.br/v2/transactions/?email=kevincosta13679%40outlook.com&token=C34FCB36824D4C38A750142FD5C211B6
20/03/2018 21:33:43 PagSeguro.Checkout[info]: Params: {"reference":20010,"notificationURL":"http:\/\/localhost\/teste_restaurante\/index.php\/checkout","billingAddressStreet":"R. Eucal\u00edpto","billingAddressNumber":"30","billingAddressComplement":"","billingAddressCity":"Cotia","billingAddressState":"SP","billingAddressDistrict":"Parque Santa Rita de Cassia","billingAddressPostalCode":"06700670","billingAddressCountry":"BRA","currency":"BRL","creditCardHolderName":"Jo\u00e3o comprador no cart\u00e3o","creditCardHolderBirthDate":"01\/01\/1990","creditCardHolderAreaCode":"11","creditCardHolderPhone":"47035621","creditCardHolderCPF":"12946213196","installmentQuantity":"3","installmentValue":"44.54","itemId1":"11","itemDescription1":"cafe","itemQuantity1":1,"itemAmount1":"2.00","itemId2":"12","itemDescription2":"P\u00e3o na chapa","itemQuantity2":10,"itemAmount2":"4.00","paymentMethod":"creditCard","paymentMode":"DEFAULT","receiverEmail":"kevincosta13679@outlook.com","senderName":"Teste Teste","senderEmail":"c36241994342408943266@sandbox.pagseguro.com.br","senderAreaCode":"11","senderPhone":"(**) 4703-****","senderCPF":"129.***.***-**","senderHash":"6ffe3a1b9c4985c8ab68f36014ea28380443be0e5698a941e523f42fdce05369","shippingAddressStreet":"R. Eucal\u00edpto","shippingAddressNumber":"30","shippingAddressComplement":"","shippingAddressCity":"Cotia","shippingAddressState":"SP","shippingAddressDistrict":"Parque Santa Rita de Cassia","shippingAddressPostalCode":"06700670","shippingAddressCountry":"BRA","creditCardToken":"325b20a231084b50ba37ed46c9467c8d"}
20/03/2018 21:33:44 PagSeguro.DirectPayment.CreditCard[error]: <?xml version="1.0" encoding="ISO-8859-1" standalone="yes"?><errors><error><code>53041</code><message>installment value invalid value: 44.54</message></error></errors>
20/03/2018 21:33:44 PagSeguro.Session[info]: Begin
20/03/2018 21:33:44 PagSeguro.Session[info]: POST: https://ws.sandbox.pagseguro.uol.com.br/v2/sessions?email=kevincosta13679%40outlook.com&token=C34FCB36824D4C38A750142FD5C211B6
20/03/2018 21:33:45 PagSeguro.Session[info]: Session ID: 8b6367a1ef394464b715a7a409273cce
20/03/2018 21:37:16 PagSeguro.DirectPayment.CreditCard[info]: Begin
20/03/2018 21:37:16 PagSeguro.DirectPayment.CreditCard[info]: POST: https://ws.sandbox.pagseguro.uol.com.br/v2/transactions/?email=kevincosta13679%40outlook.com&token=C34FCB36824D4C38A750142FD5C211B6
20/03/2018 21:37:16 PagSeguro.Checkout[info]: Params: {"reference":20010,"notificationURL":"http:\/\/localhost\/teste_restaurante\/index.php\/checkout","billingAddressStreet":"R. Eucal\u00edpto","billingAddressNumber":"30","billingAddressComplement":"","billingAddressCity":"Cotia","billingAddressState":"SP","billingAddressDistrict":"Parque Santa Rita de Cassia","billingAddressPostalCode":"06700670","billingAddressCountry":"BRA","currency":"BRL","extraAmount":0,"creditCardHolderName":"Jo\u00e3o comprador no cart\u00e3o","creditCardHolderBirthDate":"01\/01\/1990","creditCardHolderAreaCode":"11","creditCardHolderPhone":"47035621","creditCardHolderCPF":"12946213196","installmentQuantity":"1","installmentValue":"42.00","itemId1":"11","itemDescription1":"cafe","itemQuantity1":1,"itemAmount1":"2.00","itemId2":"12","itemDescription2":"P\u00e3o na chapa","itemQuantity2":10,"itemAmount2":"4.00","paymentMethod":"creditCard","paymentMode":"DEFAULT","receiverEmail":"kevincosta13679@outlook.com","senderName":"Teste Teste","senderEmail":"c36241994342408943266@sandbox.pagseguro.com.br","senderAreaCode":"11","senderPhone":"(**) 4703-****","senderCPF":"129.***.***-**","senderHash":"dab8b49c7ff18ace8c1344ec75eb40ab73ffb85c849ca9c60ea7f63b01477a49","shippingAddressStreet":"R. Eucal\u00edpto","shippingAddressNumber":"30","shippingAddressComplement":"","shippingAddressCity":"Cotia","shippingAddressState":"SP","shippingAddressDistrict":"Parque Santa Rita de Cassia","shippingAddressPostalCode":"06700670","shippingAddressCountry":"BRA","creditCardToken":"c15d9b56a4224723901211c926cd45f7"}
20/03/2018 21:37:17 PagSeguro.DirectPayment.CreditCard[error]: <?xml version="1.0" encoding="ISO-8859-1" standalone="yes"?><errors><error><code>53099</code><message>extra amount invalid pattern: 0. Must fit the patern: -?\d+.\d{2}</message></error></errors>
20/03/2018 21:37:17 PagSeguro.Session[info]: Begin
20/03/2018 21:37:17 PagSeguro.Session[info]: POST: https://ws.sandbox.pagseguro.uol.com.br/v2/sessions?email=kevincosta13679%40outlook.com&token=C34FCB36824D4C38A750142FD5C211B6
20/03/2018 21:37:18 PagSeguro.Session[info]: Session ID: 540b2a508de94a45a1e54d4b211d3321
20/03/2018 21:38:08 PagSeguro.DirectPayment.CreditCard[info]: Begin
20/03/2018 21:38:08 PagSeguro.DirectPayment.CreditCard[info]: POST: https://ws.sandbox.pagseguro.uol.com.br/v2/transactions/?email=kevincosta13679%40outlook.com&token=C34FCB36824D4C38A750142FD5C211B6
20/03/2018 21:38:08 PagSeguro.Checkout[info]: Params: {"reference":20010,"notificationURL":"http:\/\/localhost\/teste_restaurante\/index.php\/checkout","billingAddressStreet":"R. Eucal\u00edpto","billingAddressNumber":"30","billingAddressComplement":"","billingAddressCity":"Cotia","billingAddressState":"SP","billingAddressDistrict":"Parque Santa Rita de Cassia","billingAddressPostalCode":"06700670","billingAddressCountry":"BRA","currency":"BRL","extraAmount":10,"creditCardHolderName":"Jo\u00e3o comprador no cart\u00e3o","creditCardHolderBirthDate":"01\/01\/1990","creditCardHolderAreaCode":"11","creditCardHolderPhone":"47035621","creditCardHolderCPF":"12946213196","installmentQuantity":"3","installmentValue":"54.54","itemId1":"11","itemDescription1":"cafe","itemQuantity1":1,"itemAmount1":"2.00","itemId2":"12","itemDescription2":"P\u00e3o na chapa","itemQuantity2":10,"itemAmount2":"4.00","paymentMethod":"creditCard","paymentMode":"DEFAULT","receiverEmail":"kevincosta13679@outlook.com","senderName":"Teste Teste","senderEmail":"c36241994342408943266@sandbox.pagseguro.com.br","senderAreaCode":"11","senderPhone":"(**) 4703-****","senderCPF":"129.***.***-**","senderHash":"80489b556695f7d2352d0dc13e4495ce42fc499e7c92f63aa9d93b391a53b15b","shippingAddressStreet":"R. Eucal\u00edpto","shippingAddressNumber":"30","shippingAddressComplement":"","shippingAddressCity":"Cotia","shippingAddressState":"SP","shippingAddressDistrict":"Parque Santa Rita de Cassia","shippingAddressPostalCode":"06700670","shippingAddressCountry":"BRA","creditCardToken":"e6ada25460754133b0e55fbc775aad17"}
20/03/2018 21:38:08 PagSeguro.DirectPayment.CreditCard[error]: <?xml version="1.0" encoding="ISO-8859-1" standalone="yes"?><errors><error><code>53099</code><message>extra amount invalid pattern: 10. Must fit the patern: -?\d+.\d{2}</message></error></errors>
20/03/2018 21:38:08 PagSeguro.Session[info]: Begin
20/03/2018 21:38:08 PagSeguro.Session[info]: POST: https://ws.sandbox.pagseguro.uol.com.br/v2/sessions?email=kevincosta13679%40outlook.com&token=C34FCB36824D4C38A750142FD5C211B6
20/03/2018 21:38:09 PagSeguro.Session[info]: Session ID: c49d47c14c274d2d841892537c233bd9
20/03/2018 21:41:12 PagSeguro.DirectPayment.CreditCard[info]: Begin
20/03/2018 21:41:12 PagSeguro.DirectPayment.CreditCard[info]: POST: https://ws.sandbox.pagseguro.uol.com.br/v2/transactions/?email=kevincosta13679%40outlook.com&token=C34FCB36824D4C38A750142FD5C211B6
20/03/2018 21:41:12 PagSeguro.Checkout[info]: Params: {"reference":20010,"notificationURL":"http:\/\/localhost\/teste_restaurante\/index.php\/checkout","billingAddressStreet":"R. Eucal\u00edpto","billingAddressNumber":"30","billingAddressComplement":"","billingAddressCity":"Cotia","billingAddressState":"SP","billingAddressDistrict":"Parque Santa Rita de Cassia","billingAddressPostalCode":"06700670","billingAddressCountry":"BRA","currency":"BRL","extraAmount":"10.00","creditCardHolderName":"Jo\u00e3o comprador no cart\u00e3o","creditCardHolderBirthDate":"01\/01\/1990","creditCardHolderAreaCode":"11","creditCardHolderPhone":"47035621","creditCardHolderCPF":"12946213196","installmentQuantity":"3","installmentValue":"54.54","itemId1":"11","itemDescription1":"cafe","itemQuantity1":1,"itemAmount1":"2.00","itemId2":"12","itemDescription2":"P\u00e3o na chapa","itemQuantity2":10,"itemAmount2":"4.00","paymentMethod":"creditCard","paymentMode":"DEFAULT","receiverEmail":"kevincosta13679@outlook.com","senderName":"Teste Teste","senderEmail":"c36241994342408943266@sandbox.pagseguro.com.br","senderAreaCode":"11","senderPhone":"(**) 4703-****","senderCPF":"129.***.***-**","senderHash":"224a1b9cd493b48688ac8ec7beaea0afd8628ef2abd837e1ef42c94bc16a977f","shippingAddressStreet":"R. Eucal\u00edpto","shippingAddressNumber":"30","shippingAddressComplement":"","shippingAddressCity":"Cotia","shippingAddressState":"SP","shippingAddressDistrict":"Parque Santa Rita de Cassia","shippingAddressPostalCode":"06700670","shippingAddressCountry":"BRA","creditCardToken":"e08151df8e0d45d885f2940f37ea756c"}
20/03/2018 21:41:13 PagSeguro.DirectPayment.CreditCard[error]: <?xml version="1.0" encoding="ISO-8859-1" standalone="yes"?><errors><error><code>53041</code><message>installment value invalid value: 54.54</message></error></errors>
20/03/2018 21:41:13 PagSeguro.Session[info]: Begin
20/03/2018 21:41:13 PagSeguro.Session[info]: POST: https://ws.sandbox.pagseguro.uol.com.br/v2/sessions?email=kevincosta13679%40outlook.com&token=C34FCB36824D4C38A750142FD5C211B6
20/03/2018 21:41:14 PagSeguro.Session[info]: Session ID: fa0d88ba011743889c5a2ea7c90576b0
20/03/2018 21:43:06 PagSeguro.DirectPayment.CreditCard[info]: Begin
20/03/2018 21:43:06 PagSeguro.DirectPayment.CreditCard[info]: POST: https://ws.sandbox.pagseguro.uol.com.br/v2/transactions/?email=kevincosta13679%40outlook.com&token=C34FCB36824D4C38A750142FD5C211B6
20/03/2018 21:43:06 PagSeguro.Checkout[info]: Params: {"reference":20010,"notificationURL":"http:\/\/localhost\/teste_restaurante\/index.php\/checkout","billingAddressStreet":"R. Eucal\u00edpto","billingAddressNumber":"30","billingAddressComplement":"","billingAddressCity":"Cotia","billingAddressState":"SP","billingAddressDistrict":"Parque Santa Rita de Cassia","billingAddressPostalCode":"06700670","billingAddressCountry":"BRA","currency":"BRL","creditCardHolderName":"Jo\u00e3o comprador no cart\u00e3o","creditCardHolderBirthDate":"01\/01\/1990","creditCardHolderAreaCode":"11","creditCardHolderPhone":"47035621","creditCardHolderCPF":"12946213196","installmentQuantity":"3","installmentValue":"14.85","itemId1":"11","itemDescription1":"cafe","itemQuantity1":1,"itemAmount1":"2.00","itemId2":"12","itemDescription2":"P\u00e3o na chapa","itemQuantity2":10,"itemAmount2":"4.00","paymentMethod":"creditCard","paymentMode":"DEFAULT","receiverEmail":"kevincosta13679@outlook.com","senderName":"Teste Teste","senderEmail":"c36241994342408943266@sandbox.pagseguro.com.br","senderAreaCode":"11","senderPhone":"(**) 4703-****","senderCPF":"129.***.***-**","senderHash":"8e1bc0d7494b0f36494dab3304d8c05175fbd96b35bf42c496dea3cf633bdd52","shippingAddressStreet":"R. Eucal\u00edpto","shippingAddressNumber":"30","shippingAddressComplement":"","shippingAddressCity":"Cotia","shippingAddressState":"SP","shippingAddressDistrict":"Parque Santa Rita de Cassia","shippingAddressPostalCode":"06700670","shippingAddressCountry":"BRA","creditCardToken":"eb8530b675a04c739adb5476c00daede"}
20/03/2018 21:43:08 PagSeguro.DirectPayment.CreditCard[info]: Credit Card Payment Code: 5ED16741-6A06-4AE9-AB19-007818E0F42C
20/03/2018 21:43:09 PagSeguro.Session[info]: Begin
20/03/2018 21:43:09 PagSeguro.Session[info]: POST: https://ws.sandbox.pagseguro.uol.com.br/v2/sessions?email=kevincosta13679%40outlook.com&token=C34FCB36824D4C38A750142FD5C211B6
20/03/2018 21:43:09 PagSeguro.Session[info]: Session ID: 0a7d1248c2464a99ba85a2392527b267
20/03/2018 21:44:34 PagSeguro.DirectPayment.CreditCard[info]: Begin
20/03/2018 21:44:34 PagSeguro.DirectPayment.CreditCard[info]: POST: https://ws.sandbox.pagseguro.uol.com.br/v2/transactions/?email=kevincosta13679%40outlook.com&token=C34FCB36824D4C38A750142FD5C211B6
20/03/2018 21:44:34 PagSeguro.Checkout[info]: Params: {"reference":20010,"notificationURL":"http:\/\/localhost\/teste_restaurante\/index.php\/checkout","billingAddressStreet":"R. Eucal\u00edpto","billingAddressNumber":"30","billingAddressComplement":"","billingAddressCity":"Cotia","billingAddressState":"SP","billingAddressDistrict":"Parque Santa Rita de Cassia","billingAddressPostalCode":"06700670","billingAddressCountry":"BRA","currency":"BRL","creditCardHolderName":"Jo\u00e3o comprador no cart\u00e3o","creditCardHolderBirthDate":"01\/01\/1990","creditCardHolderAreaCode":"11","creditCardHolderPhone":"47035621","creditCardHolderCPF":"12946213196","installmentQuantity":"1","installmentValue":"42.00","itemId1":"11","itemDescription1":"cafe","itemQuantity1":1,"itemAmount1":"2.00","itemId2":"12","itemDescription2":"P\u00e3o na chapa","itemQuantity2":10,"itemAmount2":"4.00","paymentMethod":"creditCard","paymentMode":"DEFAULT","receiverEmail":"kevincosta13679@outlook.com","senderName":"Teste Teste","senderEmail":"c36241994342408943266@sandbox.pagseguro.com.br","senderAreaCode":"11","senderPhone":"(**) 4703-****","senderCPF":"129.***.***-**","senderHash":"13c5a741f99525fe4522610c906ef132fb7d309a4486c5c781b5db4eee9d6f15","shippingAddressStreet":"R. Eucal\u00edpto","shippingAddressNumber":"30","shippingAddressComplement":"","shippingAddressCity":"Cotia","shippingAddressState":"SP","shippingAddressDistrict":"Parque Santa Rita de Cassia","shippingAddressPostalCode":"06700670","shippingAddressCountry":"BRA","creditCardToken":"12a505e41d4f4bea813375addd748d46"}
20/03/2018 21:44:37 PagSeguro.DirectPayment.CreditCard[info]: Credit Card Payment Code: 77C2E295-D081-49A2-8BE7-BD4D7EFECE76
20/03/2018 21:44:37 PagSeguro.Session[info]: Begin
20/03/2018 21:44:37 PagSeguro.Session[info]: POST: https://ws.sandbox.pagseguro.uol.com.br/v2/sessions?email=kevincosta13679%40outlook.com&token=C34FCB36824D4C38A750142FD5C211B6
20/03/2018 21:44:37 PagSeguro.Session[info]: Session ID: 03533f110a7e48a9861fb6503b20251a
20/03/2018 21:47:38 PagSeguro.Session[info]: Begin
20/03/2018 21:47:38 PagSeguro.Session[info]: POST: https://ws.sandbox.pagseguro.uol.com.br/v2/sessions?email=kevincosta13679%40outlook.com&token=C34FCB36824D4C38A750142FD5C211B6
20/03/2018 21:47:39 PagSeguro.Session[info]: Session ID: 17b3f8221cad41159ea59d57b103cb76
20/03/2018 21:47:56 PagSeguro.Session[info]: Begin
20/03/2018 21:47:57 PagSeguro.Session[info]: POST: https://ws.sandbox.pagseguro.uol.com.br/v2/sessions?email=kevincosta13679%40outlook.com&token=C34FCB36824D4C38A750142FD5C211B6
20/03/2018 21:47:57 PagSeguro.Session[info]: Session ID: ff9faae36f0f4175a8de61af84365ecc
20/03/2018 21:48:05 PagSeguro.Session[info]: Begin
20/03/2018 21:48:05 PagSeguro.Session[info]: POST: https://ws.sandbox.pagseguro.uol.com.br/v2/sessions?email=kevincosta13679%40outlook.com&token=C34FCB36824D4C38A750142FD5C211B6
20/03/2018 21:48:05 PagSeguro.Session[info]: Session ID: 47fbd117a4344c35a1713a7e4fef2878
20/03/2018 21:49:41 PagSeguro.Session[info]: Begin
20/03/2018 21:49:41 PagSeguro.Session[info]: POST: https://ws.sandbox.pagseguro.uol.com.br/v2/sessions?email=kevincosta13679%40outlook.com&token=C34FCB36824D4C38A750142FD5C211B6
20/03/2018 21:49:42 PagSeguro.Session[info]: Session ID: 005d484811994d7096129367c859fc38
20/03/2018 21:51:36 PagSeguro.Session[info]: Begin
20/03/2018 21:51:36 PagSeguro.Session[info]: POST: https://ws.sandbox.pagseguro.uol.com.br/v2/sessions?email=kevincosta13679%40outlook.com&token=C34FCB36824D4C38A750142FD5C211B6
20/03/2018 21:51:37 PagSeguro.Session[info]: Session ID: 09c56bdab1394cd286dd5dba19d107e9
20/03/2018 21:51:53 PagSeguro.Session[info]: Begin
20/03/2018 21:51:53 PagSeguro.Session[info]: POST: https://ws.sandbox.pagseguro.uol.com.br/v2/sessions?email=kevincosta13679%40outlook.com&token=C34FCB36824D4C38A750142FD5C211B6
20/03/2018 21:51:54 PagSeguro.Session[info]: Session ID: 378d0ec7d54f4419bdee6badf39cc80b
20/03/2018 21:52:38 PagSeguro.Session[info]: Begin
20/03/2018 21:52:38 PagSeguro.Session[info]: POST: https://ws.sandbox.pagseguro.uol.com.br/v2/sessions?email=kevincosta13679%40outlook.com&token=C34FCB36824D4C38A750142FD5C211B6
20/03/2018 21:52:39 PagSeguro.Session[info]: Session ID: f203c18fb1744ac1b68423ea596147f7
20/03/2018 21:53:46 PagSeguro.Session[info]: Begin
20/03/2018 21:53:46 PagSeguro.Session[info]: POST: https://ws.sandbox.pagseguro.uol.com.br/v2/sessions?email=kevincosta13679%40outlook.com&token=C34FCB36824D4C38A750142FD5C211B6
20/03/2018 21:53:47 PagSeguro.Session[info]: Session ID: 2f3d743b80354e34b81bcf447e0f3eeb
20/03/2018 21:54:01 PagSeguro.Session[info]: Begin
20/03/2018 21:54:01 PagSeguro.Session[info]: POST: https://ws.sandbox.pagseguro.uol.com.br/v2/sessions?email=kevincosta13679%40outlook.com&token=C34FCB36824D4C38A750142FD5C211B6
20/03/2018 21:54:02 PagSeguro.Session[info]: Session ID: bcab3f9f024b443ebfc76870a65ec38f
20/03/2018 21:54:18 PagSeguro.Session[info]: Begin
20/03/2018 21:54:18 PagSeguro.Session[info]: POST: https://ws.sandbox.pagseguro.uol.com.br/v2/sessions?email=kevincosta13679%40outlook.com&token=C34FCB36824D4C38A750142FD5C211B6
20/03/2018 21:54:18 PagSeguro.Session[info]: Session ID: fab365ddcbf745f5805db1b15a895082
20/03/2018 21:54:28 PagSeguro.Session[info]: Begin
20/03/2018 21:54:28 PagSeguro.Session[info]: POST: https://ws.sandbox.pagseguro.uol.com.br/v2/sessions?email=kevincosta13679%40outlook.com&token=C34FCB36824D4C38A750142FD5C211B6
20/03/2018 21:54:29 PagSeguro.Session[info]: Session ID: c5c18aa7319448d68d9895a34297c3fd
20/03/2018 21:56:13 PagSeguro.Session[info]: Begin
20/03/2018 21:56:13 PagSeguro.Session[info]: POST: https://ws.sandbox.pagseguro.uol.com.br/v2/sessions?email=kevincosta13679%40outlook.com&token=C34FCB36824D4C38A750142FD5C211B6
20/03/2018 21:56:14 PagSeguro.Session[info]: Session ID: 408b640fe5b349268c1aaa691600d242
20/03/2018 21:56:24 PagSeguro.Session[info]: Begin
20/03/2018 21:56:24 PagSeguro.Session[info]: POST: https://ws.sandbox.pagseguro.uol.com.br/v2/sessions?email=kevincosta13679%40outlook.com&token=C34FCB36824D4C38A750142FD5C211B6
20/03/2018 21:56:24 PagSeguro.Session[info]: Session ID: 695db56a4e014a5385fe64383ef83b89
20/03/2018 21:56:37 PagSeguro.Session[info]: Begin
20/03/2018 21:56:37 PagSeguro.Session[info]: POST: https://ws.sandbox.pagseguro.uol.com.br/v2/sessions?email=kevincosta13679%40outlook.com&token=C34FCB36824D4C38A750142FD5C211B6
20/03/2018 21:56:37 PagSeguro.Session[info]: Session ID: 886d78658aae46cf9bb26e300854e98e
20/03/2018 21:57:28 PagSeguro.Session[info]: Begin
20/03/2018 21:57:28 PagSeguro.Session[info]: POST: https://ws.sandbox.pagseguro.uol.com.br/v2/sessions?email=kevincosta13679%40outlook.com&token=C34FCB36824D4C38A750142FD5C211B6
20/03/2018 21:57:29 PagSeguro.Session[info]: Session ID: 62e1167df9d646fb87bddd6bd360ca53
20/03/2018 21:57:56 PagSeguro.Session[info]: Begin
20/03/2018 21:57:56 PagSeguro.Session[info]: POST: https://ws.sandbox.pagseguro.uol.com.br/v2/sessions?email=kevincosta13679%40outlook.com&token=C34FCB36824D4C38A750142FD5C211B6
20/03/2018 21:57:56 PagSeguro.Session[info]: Session ID: fad961b34b0649b798c8ac0d6fd05b0a
20/03/2018 21:58:53 PagSeguro.Session[info]: Begin
20/03/2018 21:58:53 PagSeguro.Session[info]: POST: https://ws.sandbox.pagseguro.uol.com.br/v2/sessions?email=kevincosta13679%40outlook.com&token=C34FCB36824D4C38A750142FD5C211B6
20/03/2018 21:58:54 PagSeguro.Session[info]: Session ID: 0a9faa3757dd4152a8e4a71f44646e7a
20/03/2018 21:59:04 PagSeguro.Session[info]: Begin
20/03/2018 21:59:04 PagSeguro.Session[info]: POST: https://ws.sandbox.pagseguro.uol.com.br/v2/sessions?email=kevincosta13679%40outlook.com&token=C34FCB36824D4C38A750142FD5C211B6
20/03/2018 21:59:05 PagSeguro.Session[info]: Session ID: 74d337c6bf2a4c0ebda5a623f6e91756
20/03/2018 21:59:11 PagSeguro.Session[info]: Begin
20/03/2018 21:59:11 PagSeguro.Session[info]: POST: https://ws.sandbox.pagseguro.uol.com.br/v2/sessions?email=kevincosta13679%40outlook.com&token=C34FCB36824D4C38A750142FD5C211B6
20/03/2018 21:59:11 PagSeguro.Session[info]: Session ID: ee55002ef1d640e596814ecb4dc4cea4
20/03/2018 22:02:30 PagSeguro.Session[info]: Begin
20/03/2018 22:02:30 PagSeguro.Session[info]: POST: https://ws.sandbox.pagseguro.uol.com.br/v2/sessions?email=kevincosta13679%40outlook.com&token=C34FCB36824D4C38A750142FD5C211B6
20/03/2018 22:02:31 PagSeguro.Session[info]: Session ID: 8361b3a13774431882687682de20e82c
20/03/2018 22:02:43 PagSeguro.DirectPayment.CreditCard[info]: Begin
20/03/2018 22:02:43 PagSeguro.DirectPayment.CreditCard[info]: POST: https://ws.sandbox.pagseguro.uol.com.br/v2/transactions/?email=kevincosta13679%40outlook.com&token=C34FCB36824D4C38A750142FD5C211B6
20/03/2018 22:02:43 PagSeguro.Checkout[info]: Params: {"reference":20010,"notificationURL":"http:\/\/localhost\/teste_restaurante\/index.php\/checkout","billingAddressStreet":"R. Eucal\u00edpto","billingAddressNumber":"30","billingAddressComplement":"","billingAddressCity":"Cotia","billingAddressState":"SP","billingAddressDistrict":"Parque Santa Rita de Cassia","billingAddressPostalCode":"06700670","billingAddressCountry":"BRA","currency":"BRL","extraAmount":"5.00","creditCardHolderName":"Jo\u00e3o comprador no cart\u00e3o","creditCardHolderBirthDate":"01\/01\/1990","creditCardHolderAreaCode":"11","creditCardHolderPhone":"47035621","creditCardHolderCPF":"12946213196","installmentQuantity":"","installmentValue":"5.00","itemId1":"11","itemDescription1":"cafe","itemQuantity1":1,"itemAmount1":"2.00","itemId2":"12","itemDescription2":"P\u00e3o na chapa","itemQuantity2":10,"itemAmount2":"4.00","paymentMethod":"creditCard","paymentMode":"DEFAULT","receiverEmail":"kevincosta13679@outlook.com","senderName":"Teste Teste","senderEmail":"c36241994342408943266@sandbox.pagseguro.com.br","senderAreaCode":"11","senderPhone":"(**) 4703-****","senderCPF":"129.***.***-**","senderHash":"38246a7fa8bdd236743d399047670694b48df6a656c84d783cbb1b36f24a89ab","shippingAddressStreet":"R. Eucal\u00edpto","shippingAddressNumber":"30","shippingAddressComplement":"","shippingAddressCity":"Cotia","shippingAddressState":"SP","shippingAddressDistrict":"Parque Santa Rita de Cassia","shippingAddressPostalCode":"06700670","shippingAddressCountry":"BRA","creditCardToken":"d90b4596bed14d5fa0aad782087b77e0"}
20/03/2018 22:02:43 PagSeguro.DirectPayment.CreditCard[error]: <?xml version="1.0" encoding="ISO-8859-1" standalone="yes"?><errors><error><code>53038</code><message>installment quantity is required.</message></error></errors>
20/03/2018 22:02:44 PagSeguro.Session[info]: Begin
20/03/2018 22:02:44 PagSeguro.Session[info]: POST: https://ws.sandbox.pagseguro.uol.com.br/v2/sessions?email=kevincosta13679%40outlook.com&token=C34FCB36824D4C38A750142FD5C211B6
20/03/2018 22:02:44 PagSeguro.Session[info]: Session ID: 8d4d4fee6c3b41f482df35f58f34ec15
20/03/2018 22:03:22 PagSeguro.DirectPayment.CreditCard[info]: Begin
20/03/2018 22:03:22 PagSeguro.DirectPayment.CreditCard[info]: POST: https://ws.sandbox.pagseguro.uol.com.br/v2/transactions/?email=kevincosta13679%40outlook.com&token=C34FCB36824D4C38A750142FD5C211B6
20/03/2018 22:03:22 PagSeguro.Checkout[info]: Params: {"reference":20010,"notificationURL":"http:\/\/localhost\/teste_restaurante\/index.php\/checkout","billingAddressStreet":"R. Eucal\u00edpto","billingAddressNumber":"30","billingAddressComplement":"","billingAddressCity":"Cotia","billingAddressState":"SP","billingAddressDistrict":"Parque Santa Rita de Cassia","billingAddressPostalCode":"06700670","billingAddressCountry":"BRA","currency":"BRL","extraAmount":"5.00","creditCardHolderName":"Jo\u00e3o comprador no cart\u00e3o","creditCardHolderBirthDate":"01\/01\/1990","creditCardHolderAreaCode":"11","creditCardHolderPhone":"47035621","creditCardHolderCPF":"12946213196","installmentQuantity":"2","installmentValue":"26.95","itemId1":"11","itemDescription1":"cafe","itemQuantity1":1,"itemAmount1":"2.00","itemId2":"12","itemDescription2":"P\u00e3o na chapa","itemQuantity2":10,"itemAmount2":"4.00","paymentMethod":"creditCard","paymentMode":"DEFAULT","receiverEmail":"kevincosta13679@outlook.com","senderName":"Teste Teste","senderEmail":"c36241994342408943266@sandbox.pagseguro.com.br","senderAreaCode":"11","senderPhone":"(**) 4703-****","senderCPF":"129.***.***-**","senderHash":"ff7e69676f2c130e5cd7cc4ffafc633ca830f25d6f86377e51c84ac6ff93c85a","shippingAddressStreet":"R. Eucal\u00edpto","shippingAddressNumber":"30","shippingAddressComplement":"","shippingAddressCity":"Cotia","shippingAddressState":"SP","shippingAddressDistrict":"Parque Santa Rita de Cassia","shippingAddressPostalCode":"06700670","shippingAddressCountry":"BRA","creditCardToken":"12b3c4f0a5c146e89875ca201368588e"}
20/03/2018 22:03:23 PagSeguro.DirectPayment.CreditCard[error]: <?xml version="1.0" encoding="ISO-8859-1" standalone="yes"?><errors><error><code>53041</code><message>installment value invalid value: 26.95</message></error></errors>
20/03/2018 22:03:23 PagSeguro.Session[info]: Begin
20/03/2018 22:03:23 PagSeguro.Session[info]: POST: https://ws.sandbox.pagseguro.uol.com.br/v2/sessions?email=kevincosta13679%40outlook.com&token=C34FCB36824D4C38A750142FD5C211B6
20/03/2018 22:03:23 PagSeguro.Session[info]: Session ID: bef1fd17a2004357853633812bb94c95
20/03/2018 22:08:44 PagSeguro.Session[info]: Begin
20/03/2018 22:08:44 PagSeguro.Session[info]: POST: https://ws.sandbox.pagseguro.uol.com.br/v2/sessions?email=kevincosta13679%40outlook.com&token=C34FCB36824D4C38A750142FD5C211B6
20/03/2018 22:08:45 PagSeguro.Session[info]: Session ID: b1218d8adcda4b2090d70461951c1d2f
20/03/2018 22:09:59 PagSeguro.Session[info]: Begin
20/03/2018 22:09:59 PagSeguro.Session[info]: POST: https://ws.sandbox.pagseguro.uol.com.br/v2/sessions?email=kevincosta13679%40outlook.com&token=C34FCB36824D4C38A750142FD5C211B6
20/03/2018 22:10:00 PagSeguro.Session[info]: Session ID: 171151eda7d64709aced05f5cabae83d
20/03/2018 22:11:27 PagSeguro.DirectPayment.CreditCard[info]: Begin
20/03/2018 22:11:27 PagSeguro.DirectPayment.CreditCard[info]: POST: https://ws.sandbox.pagseguro.uol.com.br/v2/transactions/?email=kevincosta13679%40outlook.com&token=C34FCB36824D4C38A750142FD5C211B6
20/03/2018 22:11:27 PagSeguro.Checkout[info]: Params: {"reference":20010,"notificationURL":"http:\/\/localhost\/teste_restaurante\/index.php\/checkout","billingAddressStreet":"R. Eucal\u00edpto","billingAddressNumber":"30","billingAddressComplement":"","billingAddressCity":"Cotia","billingAddressState":"SP","billingAddressDistrict":"Parque Santa Rita de Cassia","billingAddressPostalCode":"06700670","billingAddressCountry":"BRA","currency":"BRL","extraAmount":"5.00","creditCardHolderName":"Jo\u00e3o comprador no cart\u00e3o","creditCardHolderBirthDate":"01\/01\/1990","creditCardHolderAreaCode":"11","creditCardHolderPhone":"47035621","creditCardHolderCPF":"12946213196","installmentQuantity":"2","installmentValue":"24.56","itemId1":"11","itemDescription1":"cafe","itemQuantity1":1,"itemAmount1":"2.00","itemId2":"12","itemDescription2":"P\u00e3o na chapa","itemQuantity2":10,"itemAmount2":"4.00","paymentMethod":"creditCard","paymentMode":"DEFAULT","receiverEmail":"kevincosta13679@outlook.com","senderName":"Teste Teste","senderEmail":"c36241994342408943266@sandbox.pagseguro.com.br","senderAreaCode":"11","senderPhone":"(**) 4703-****","senderCPF":"129.***.***-**","senderHash":"5215b3c53b042c3dfa6a4e15ced898938cc2b0266ca93b159af4be186ec26cd9","shippingAddressStreet":"R. Eucal\u00edpto","shippingAddressNumber":"30","shippingAddressComplement":"","shippingAddressCity":"Cotia","shippingAddressState":"SP","shippingAddressDistrict":"Parque Santa Rita de Cassia","shippingAddressPostalCode":"06700670","shippingAddressCountry":"BRA","creditCardToken":"94054178d64946a0a0c2f2148a01662c"}
20/03/2018 22:11:29 PagSeguro.DirectPayment.CreditCard[info]: Credit Card Payment Code: BC9F124B-CC71-4E93-AA11-94B624152FBA
20/03/2018 22:11:29 PagSeguro.Session[info]: Begin
20/03/2018 22:11:29 PagSeguro.Session[info]: POST: https://ws.sandbox.pagseguro.uol.com.br/v2/sessions?email=kevincosta13679%40outlook.com&token=C34FCB36824D4C38A750142FD5C211B6
20/03/2018 22:11:30 PagSeguro.Session[info]: Session ID: e2adf59e8d9a435ab7b766706a0be17a